<?xml version="1.0" encoding="UTF-8"?>
<!-- Generated by org.testng.reporters.JUnitReportReporter -->
<testsuite skipped="0" hostname="NISL" name="appiumlazyguide.AA" tests="1" failures="0" timestamp="11 Dec 2019 13:07:10 GMT" time="24.421" errors="0">
  <testcase name="userTabFirst" time="24.421" classname="appiumlazyguide.AA"/>
</testsuite> <!-- appiumlazyguide.AA -->
