<?xml version="1.0" encoding="UTF-8"?>
<!-- Generated by org.testng.reporters.JUnitReportReporter -->
<testsuite skipped="0" hostname="NISL" name="appiumlazyguide.StitchOnOff" tests="1" failures="0" timestamp="10 Dec 2019 06:55:39 GMT" time="40.014" errors="0">
  <testcase name="testSeekBar" time="40.014" classname="appiumlazyguide.StitchOnOff"/>
</testsuite> <!-- appiumlazyguide.StitchOnOff -->
