<?xml version="1.0" encoding="UTF-8"?>
<!-- Generated by org.testng.reporters.JUnitReportReporter -->
<testsuite skipped="0" hostname="NISL" name="appiumlazyguide.TestSelendoidApp" tests="1" failures="0" timestamp="19 Dec 2019 13:10:55 GMT" time="55.332" errors="0">
  <testcase name="signUp" time="55.332" classname="appiumlazyguide.TestSelendoidApp"/>
</testsuite> <!-- appiumlazyguide.TestSelendoidApp -->
