<?xml version="1.0" encoding="UTF-8"?>
<!-- Generated by org.testng.reporters.JUnitReportReporter -->
<testsuite skipped="0" hostname="NISL" name="appiumlazyguide.ParallelExecution" tests="2" failures="0" timestamp="17 Dec 2019 12:06:53 GMT" time="128.872" errors="0">
  <testcase name="signUp" time="56.537" classname="appiumlazyguide.ParallelExecution"/>
  <testcase name="signUp" time="72.335" classname="appiumlazyguide.ParallelExecution"/>
</testsuite> <!-- appiumlazyguide.ParallelExecution -->
