<?xml version="1.0" encoding="UTF-8"?>
<!-- Generated by org.testng.reporters.JUnitReportReporter -->
<testsuite skipped="0" hostname="NISL" name="appiumlazyguide.SwipeAction" tests="2" failures="0" timestamp="05 Dec 2019 10:28:14 GMT" time="27.468" errors="0">
  <testcase name="signUp" time="10.216" classname="appiumlazyguide.SwipeAction"/>
  <testcase name="scroll" time="17.252" classname="appiumlazyguide.SwipeAction"/>
</testsuite> <!-- appiumlazyguide.SwipeAction -->
