<?xml version="1.0" encoding="UTF-8"?>
<!-- Generated by org.testng.reporters.JUnitReportReporter -->
<testsuite skipped="0" hostname="NISL" name="appiumlazyguide.ScreenShots" tests="1" failures="0" timestamp="10 Dec 2019 09:11:28 GMT" time="32.381" errors="0">
  <testcase name="testScreenShots" time="32.381" classname="appiumlazyguide.ScreenShots"/>
</testsuite> <!-- appiumlazyguide.ScreenShots -->
