<?xml version="1.0" encoding="UTF-8"?>
<!-- Generated by org.testng.reporters.JUnitReportReporter -->
<testsuite skipped="0" hostname="NISL" name="appiumlazyguide.SeekBar" tests="1" failures="0" timestamp="10 Dec 2019 05:57:47 GMT" time="33.327" errors="0">
  <testcase name="testSeekBar" time="33.327" classname="appiumlazyguide.SeekBar"/>
</testsuite> <!-- appiumlazyguide.SeekBar -->
