<?xml version="1.0" encoding="UTF-8"?>
<!-- Generated by org.testng.reporters.JUnitReportReporter -->
<testsuite skipped="0" hostname="NISL" name="appiumlazyguide.LaunchFirefoxApp" tests="1" failures="0" timestamp="12 Dec 2019 12:09:40 GMT" time="70.685" errors="0">
  <testcase name="launchFireFoxAppBrowser" time="70.685" classname="appiumlazyguide.LaunchFirefoxApp"/>
</testsuite> <!-- appiumlazyguide.LaunchFirefoxApp -->
