<?xml version="1.0" encoding="UTF-8"?>
<!-- Generated by org.testng.reporters.JUnitReportReporter -->
<testsuite skipped="0" hostname="NISL" name="appiumlazyguide.Dream11" tests="1" failures="0" timestamp="19 Dec 2019 11:08:32 GMT" time="54.646" errors="0">
  <testcase name="testDream" time="54.646" classname="appiumlazyguide.Dream11"/>
</testsuite> <!-- appiumlazyguide.Dream11 -->
