<?xml version="1.0" encoding="UTF-8"?>
<!-- Generated by org.testng.reporters.JUnitReportReporter -->
<testsuite skipped="0" hostname="NISL" name="appiumlazyguide.GetDropDownList" tests="1" failures="0" timestamp="10 Dec 2019 07:29:39 GMT" time="35.779" errors="0">
  <testcase name="testGetDropDownList" time="35.779" classname="appiumlazyguide.GetDropDownList"/>
</testsuite> <!-- appiumlazyguide.GetDropDownList -->
