<?xml version="1.0" encoding="UTF-8"?>
<!-- Generated by org.testng.reporters.JUnitReportReporter -->
<testsuite skipped="0" hostname="NISL" name="appiumlazyguide.CromeBrowserMobile$ScreenShots" tests="1" failures="0" timestamp="10 Dec 2019 11:15:21 GMT" time="88.394" errors="1">
  <testcase name="launchChromeBrowser" time="88.394" classname="appiumlazyguide.CromeBrowserMobile$ScreenShots">
    <error type="org.openqa.selenium.NoSuchSessionException" message="A session is either terminated or not started
Build info: version: &#039;3.141.59&#039;, revision: &#039;e82be7d358&#039;, time: &#039;2018-11-14T08:25:53&#039;
System info: host: &#039;NISL&#039;, ip: &#039;10.0.75.1&#039;, os.name: &#039;Windows 8.1&#039;, os.arch: &#039;amd64&#039;, os.version: &#039;6.3&#039;, java.version: &#039;1.8.0_25&#039;
Driver info: io.appium.java_client.android.AndroidDriver
Capabilities {adbExecTimeout: 50000, autoAcceptAlerts: true, autoGrantPermissions: true, browserName: chrome, chromedriverExecutable: E:\\Appium lazy guide\\chro..., databaseEnabled: false, desired: {adbExecTimeout: 50000, autoAcceptAlerts: true, autoGrantPermissions: true, browserName: chrome, chromedriverExecutable: E:\\Appium lazy guide\\chro..., deviceName: My, noReset: true, platformName: android, platformVersion: 9.0, resetKeybord: true, udid: emulator-5554, unicodeKeyboard: true}, deviceManufacturer: Google, deviceModel: Android SDK built for x86, deviceName: emulator-5554, deviceScreenSize: 480x800, deviceUDID: emulator-5554, javascriptEnabled: true, locationContextEnabled: false, networkConnectionEnabled: true, noReset: true, platform: LINUX, platformName: Android, platformVersion: 9, resetKeybord: true, takesScreenshot: true, udid: emulator-5554, unicodeKeyboard: true, warnings: {}, webStorageEnabled: false}
Session ID: 20f720bf-bb56-4741-81a6-c64be855a77d">
      <![CDATA[org.openqa.selenium.NoSuchSessionException: A session is either terminated or not started
Build info: version: '3.141.59', revision: 'e82be7d358', time: '2018-11-14T08:25:53'
System info: host: 'NISL', ip: '10.0.75.1', os.name: 'Windows 8.1', os.arch: 'amd64', os.version: '6.3', java.version: '1.8.0_25'
Driver info: io.appium.java_client.android.AndroidDriver
Capabilities {adbExecTimeout: 50000, autoAcceptAlerts: true, autoGrantPermissions: true, browserName: chrome, chromedriverExecutable: E:\\Appium lazy guide\\chro..., databaseEnabled: false, desired: {adbExecTimeout: 50000, autoAcceptAlerts: true, autoGrantPermissions: true, browserName: chrome, chromedriverExecutable: E:\\Appium lazy guide\\chro..., deviceName: My, noReset: true, platformName: android, platformVersion: 9.0, resetKeybord: true, udid: emulator-5554, unicodeKeyboard: true}, deviceManufacturer: Google, deviceModel: Android SDK built for x86, deviceName: emulator-5554, deviceScreenSize: 480x800, deviceUDID: emulator-5554, javascriptEnabled: true, locationContextEnabled: false, networkConnectionEnabled: true, noReset: true, platform: LINUX, platformName: Android, platformVersion: 9, resetKeybord: true, takesScreenshot: true, udid: emulator-5554, unicodeKeyboard: true, warnings: {}, webStorageEnabled: false}
Session ID: 20f720bf-bb56-4741-81a6-c64be855a77d
at sun.reflect.NativeConstructorAccessorImpl.newInstance0(Native Method)
at sun.reflect.NativeConstructorAccessorImpl.newInstance(NativeConstructorAccessorImpl.java:62)
at sun.reflect.DelegatingConstructorAccessorImpl.newInstance(DelegatingConstructorAccessorImpl.java:45)
at java.lang.reflect.Constructor.newInstance(Constructor.java:408)
at org.openqa.selenium.remote.http.W3CHttpResponseCodec.createException(W3CHttpResponseCodec.java:187)
at org.openqa.selenium.remote.http.W3CHttpResponseCodec.decode(W3CHttpResponseCodec.java:122)
at org.openqa.selenium.remote.http.W3CHttpResponseCodec.decode(W3CHttpResponseCodec.java:49)
at org.openqa.selenium.remote.HttpCommandExecutor.execute(HttpCommandExecutor.java:158)
at io.appium.java_client.remote.AppiumCommandExecutor.execute(AppiumCommandExecutor.java:239)
at org.openqa.selenium.remote.RemoteWebDriver.execute(RemoteWebDriver.java:552)
at io.appium.java_client.DefaultGenericMobileDriver.execute(DefaultGenericMobileDriver.java:46)
at io.appium.java_client.AppiumDriver.execute(AppiumDriver.java:1)
at io.appium.java_client.android.AndroidDriver.execute(AndroidDriver.java:1)
at io.appium.java_client.HasSessionDetails.getSessionDetails(HasSessionDetails.java:39)
at io.appium.java_client.HasSessionDetails.getSessionDetail(HasSessionDetails.java:56)
at io.appium.java_client.HasSessionDetails.getPlatformName(HasSessionDetails.java:65)
at io.appium.java_client.internal.JsonToMobileElementConverter.<init>(JsonToMobileElementConverter.java:49)
at io.appium.java_client.AppiumDriver.<init>(AppiumDriver.java:89)
at io.appium.java_client.AppiumDriver.<init>(AppiumDriver.java:94)
at io.appium.java_client.android.AndroidDriver.<init>(AndroidDriver.java:95)
at appiumlazyguide.CromeBrowserMobile$ScreenShots.launchChromeBrowser(CromeBrowserMobile.java:41)
at sun.reflect.NativeMethodAccessorImpl.invoke0(Native Method)
at sun.reflect.NativeMethodAccessorImpl.invoke(NativeMethodAccessorImpl.java:62)
at sun.reflect.DelegatingMethodAccessorImpl.invoke(DelegatingMethodAccessorImpl.java:43)
at java.lang.reflect.Method.invoke(Method.java:483)
at org.testng.internal.MethodInvocationHelper.invokeMethod(MethodInvocationHelper.java:124)
at org.testng.internal.Invoker.invokeMethod(Invoker.java:580)
at org.testng.internal.Invoker.invokeTestMethod(Invoker.java:716)
at org.testng.internal.Invoker.invokeTestMethods(Invoker.java:988)
at org.testng.internal.TestMethodWorker.invokeTestMethods(TestMethodWorker.java:125)
at org.testng.internal.TestMethodWorker.run(TestMethodWorker.java:109)
at org.testng.TestRunner.privateRun(TestRunner.java:648)
at org.testng.TestRunner.run(TestRunner.java:505)
at org.testng.SuiteRunner.runTest(SuiteRunner.java:455)
at org.testng.SuiteRunner.runSequentially(SuiteRunner.java:450)
at org.testng.SuiteRunner.privateRun(SuiteRunner.java:415)
at org.testng.SuiteRunner.run(SuiteRunner.java:364)
at org.testng.SuiteRunnerWorker.runSuite(SuiteRunnerWorker.java:52)
at org.testng.SuiteRunnerWorker.run(SuiteRunnerWorker.java:84)
at org.testng.TestNG.runSuitesSequentially(TestNG.java:1208)
at org.testng.TestNG.runSuitesLocally(TestNG.java:1137)
at org.testng.TestNG.runSuites(TestNG.java:1049)
at org.testng.TestNG.run(TestNG.java:1017)
at org.testng.remote.AbstractRemoteTestNG.run(AbstractRemoteTestNG.java:114)
at org.testng.remote.RemoteTestNG.initAndRun(RemoteTestNG.java:251)
at org.testng.remote.RemoteTestNG.main(RemoteTestNG.java:77)
]]>
    </error>
  </testcase> <!-- launchChromeBrowser -->
</testsuite> <!-- appiumlazyguide.CromeBrowserMobile$ScreenShots -->
