<?xml version="1.0" encoding="UTF-8"?>
<!-- Generated by org.testng.reporters.JUnitReportReporter -->
<testsuite skipped="0" hostname="NISL" name="appiumlazyguide.Spinner" tests="1" failures="0" timestamp="06 Dec 2019 06:52:47 GMT" time="26.772" errors="0">
  <testcase name="signUp" time="26.772" classname="appiumlazyguide.Spinner"/>
</testsuite> <!-- appiumlazyguide.Spinner -->
