<?xml version="1.0" encoding="UTF-8"?>
<!-- Generated by org.testng.reporters.JUnitReportReporter -->
<testsuite skipped="0" hostname="NISL" name="appiumlazyguide.ScrollToText" tests="1" failures="0" timestamp="06 Dec 2019 05:54:52 GMT" time="21.133" errors="0">
  <testcase name="signUp" time="21.133" classname="appiumlazyguide.ScrollToText"/>
</testsuite> <!-- appiumlazyguide.ScrollToText -->
