<?xml version="1.0" encoding="UTF-8"?>
<!-- Generated by org.testng.reporters.JUnitReportReporter -->
<testsuite skipped="0" hostname="NISL" name="appiumlazyguide.Scroll" tests="1" failures="0" timestamp="03 Dec 2019 11:05:44 GMT" time="70.312" errors="0">
  <testcase name="signUp" time="70.312" classname="appiumlazyguide.Scroll"/>
</testsuite> <!-- appiumlazyguide.Scroll -->
