<?xml version="1.0" encoding="UTF-8"?>
<!-- Generated by org.testng.reporters.JUnitReportReporter -->
<testsuite skipped="0" hostname="NISL" name="appiumlazyguide.ScreenOrientation" tests="1" failures="0" timestamp="06 Dec 2019 11:58:39 GMT" time="27.614" errors="0">
  <testcase name="performOrientation" time="27.614" classname="appiumlazyguide.ScreenOrientation"/>
</testsuite> <!-- appiumlazyguide.ScreenOrientation -->
